
> wordpot-client@0.1.0 build
> vite build

vite v7.3.2 building client environment for production...
transforming...
node_modules/@walletconnect/utils/node_modules/ox/_esm/core/Base64.js (6:27): A comment

"/*#__PURE__*/"

in "node_modules/@walletconnect/utils/node_modules/ox/_esm/core/Base64.js" contains an annotation that Rollup cannot interpret due to the position of the comment. The comment will be removed to avoid issues.
node_modules/ox/_esm/core/Address.js (6:21): A comment

"/*#__PURE__*/"

in "node_modules/ox/_esm/core/Address.js" contains an annotation that Rollup cannot interpret due to the position of the comment. The comment will be removed to avoid issues.
node_modules/ox/_esm/core/Base64.js (6:27): A comment

"/*#__PURE__*/"

in "node_modules/ox/_esm/core/Base64.js" contains an annotation that Rollup cannot interpret due to the position of the comment. The comment will be removed to avoid issues.
node_modules/porto/node_modules/ox/_esm/core/Base64.js (6:27): A comment

"/*#__PURE__*/"

in "node_modules/porto/node_modules/ox/_esm/core/Base64.js" contains an annotation that Rollup cannot interpret due to the position of the comment. The comment will be removed to avoid issues.
node_modules/ox/_esm/core/internal/cursor.js (2:21): A comment

"/*#__PURE__*/"

in "node_modules/ox/_esm/core/internal/cursor.js" contains an annotation that Rollup cannot interpret due to the position of the comment. The comment will be removed to avoid issues.
node_modules/@walletconnect/ethereum-provider/node_modules/ox/_esm/core/Address.js (6:21): A comment

"/*#__PURE__*/"

in "node_modules/@walletconnect/ethereum-provider/node_modules/ox/_esm/core/Address.js" contains an annotation that Rollup cannot interpret due to the position of the comment. The comment will be removed to avoid issues.
node_modules/@walletconnect/ethereum-provider/node_modules/ox/_esm/core/internal/cursor.js (2:21): A comment

"/*#__PURE__*/"

in "node_modules/@walletconnect/ethereum-provider/node_modules/ox/_esm/core/internal/cursor.js" contains an annotation that Rollup cannot interpret due to the position of the comment. The comment will be removed to avoid issues.
✓ 5649 modules transformed.
rendering chunks...
computing gzip size...
dist/index.html                                        0.94 kB │ gzip:   0.53 kB
dist/assets/brotli_wasm_bg-NfWIZley.wasm           1,056.86 kB │ gzip: 574.50 kB
dist/assets/index-DoGquWxg.css                        51.56 kB │ gzip:  10.16 kB
dist/assets/core_false-CNabe580.js                     0.11 kB │ gzip:   0.12 kB
dist/assets/connectors_false-DqI1AxGN.js               0.13 kB │ gzip:   0.13 kB
dist/assets/cursor-CeN3QXVw.js                         0.20 kB │ gzip:   0.19 kB
dist/assets/chevron-left-DKGvf5jz.js                   0.34 kB │ gzip:   0.25 kB
dist/assets/chevron-top-7GoXmafu.js                    0.34 kB │ gzip:   0.25 kB
dist/assets/external-link-C_Le9MY9.js                  0.34 kB │ gzip:   0.25 kB
dist/assets/chevron-bottom-F_U_X_rP.js                 0.34 kB │ gzip:   0.25 kB
dist/assets/chevron-right-BoNNGWv8.js                  0.34 kB │ gzip:   0.25 kB
dist/assets/arrow-top-BN2HJEed.js                      0.36 kB │ gzip:   0.26 kB
dist/assets/arrow-bottom-Dl9UoAMk.js                   0.36 kB │ gzip:   0.26 kB
dist/assets/arrow-left-Bsci08q_.js                     0.36 kB │ gzip:   0.26 kB
dist/assets/arrow-right-SJeQcDu4.js                    0.36 kB │ gzip:   0.26 kB
dist/assets/off-DnLeM4ou.js                            0.38 kB │ gzip:   0.26 kB
dist/assets/search-Dm196Ku4.js                         0.38 kB │ gzip:   0.27 kB
dist/assets/close-lF1r6Cnu.js                          0.38 kB │ gzip:   0.26 kB
dist/assets/all-wallets-CZQCcWIX.js                    0.39 kB │ gzip:   0.23 kB
dist/assets/filters-DaApZHnU.js                        0.39 kB │ gzip:   0.25 kB
dist/assets/native-Bz5QQgeN.js                         0.42 kB │ gzip:   0.24 kB
dist/assets/info-circle-Bh0JLKuq.js                    0.42 kB │ gzip:   0.27 kB
dist/assets/more-Cg3TtVrr.js                           0.43 kB │ gzip:   0.28 kB
dist/assets/refresh-DOwM3osn.js                        0.43 kB │ gzip:   0.30 kB
dist/assets/warning-circle-D2QApMXL.js                 0.44 kB │ gzip:   0.28 kB
dist/assets/coinPlaceholder-BWmIiZs_.js                0.45 kB │ gzip:   0.32 kB
dist/assets/compass-C7_0Sg_p.js                        0.47 kB │ gzip:   0.31 kB
dist/assets/swapVertical-CtT2g1ez.js                   0.49 kB │ gzip:   0.31 kB
dist/assets/swapHorizontal-6Cj95IlX.js                 0.49 kB │ gzip:   0.30 kB
dist/assets/x-CckI8Jsh.js                              0.51 kB │ gzip:   0.36 kB
dist/assets/cursor-transparent-BsUoXHyu.js             0.52 kB │ gzip:   0.33 kB
dist/assets/twitterIcon-D8ud3V6_.js                    0.53 kB │ gzip:   0.35 kB
dist/assets/mobile-6O-2wq92.js                         0.54 kB │ gzip:   0.29 kB
dist/assets/checkmark-bold-CB7GSYKf.js                 0.59 kB │ gzip:   0.40 kB
dist/assets/etherscan-2bbaoKvQ.js                      0.65 kB │ gzip:   0.42 kB
dist/assets/checkmark-BBquUYdJ.js                      0.65 kB │ gzip:   0.44 kB
dist/assets/help-circle-Brmikjdj.js                    0.66 kB │ gzip:   0.40 kB
dist/assets/wallet-JZfbJElV.js                         0.66 kB │ gzip:   0.39 kB
dist/assets/plus-CFv2PM0B.js                           0.71 kB │ gzip:   0.39 kB
dist/assets/verify-filled-B_1gta09.js                  0.71 kB │ gzip:   0.44 kB
dist/assets/add-D6AglBoV.js                            0.71 kB │ gzip:   0.40 kB
dist/assets/google-GBcB7oqX.js                         0.76 kB │ gzip:   0.42 kB
dist/assets/three-dots-DFuTjwBa.js                     0.78 kB │ gzip:   0.38 kB
dist/assets/clock-vF3NHuf9.js                          0.78 kB │ gzip:   0.44 kB
dist/assets/disconnect-9hV2G2Tl.js                     0.83 kB │ gzip:   0.48 kB
dist/assets/twitch-63_bGuP7.js                         0.84 kB │ gzip:   0.47 kB
dist/assets/bank-CYdIVcjF.js                           0.89 kB │ gzip:   0.49 kB
dist/assets/apple-BP5aJThb.js                          0.90 kB │ gzip:   0.50 kB
dist/assets/transactions-C11HytbD.js                   0.90 kB │ gzip:   0.55 kB
dist/assets/play-store-ChZhJD8k.js                     0.95 kB │ gzip:   0.49 kB
dist/assets/farcaster-BDXOQ1Nl.js                      0.96 kB │ gzip:   0.50 kB
dist/assets/arrow-bottom-circle-CiXZOtkw.js            1.07 kB │ gzip:   0.50 kB
dist/assets/github-MPpuq_Ge.js                         1.07 kB │ gzip:   0.57 kB
dist/assets/swapHorizontalBold-DqFMgm7b.js             1.11 kB │ gzip:   0.58 kB
dist/assets/app-store-DTX15k_L.js                      1.14 kB │ gzip:   0.64 kB
dist/assets/mail-BJeWuVsx.js                           1.15 kB │ gzip:   0.62 kB
dist/assets/facebook-CvpfA69p.js                       1.18 kB │ gzip:   0.61 kB
dist/assets/wallet-placeholder-BLiwYyyg.js             1.21 kB │ gzip:   0.57 kB
dist/assets/webSocket-DVZPoy_P.js                      1.21 kB │ gzip:   0.63 kB
dist/assets/desktop-DBnymkT_.js                        1.22 kB │ gzip:   0.61 kB
dist/assets/discord-Chb53CxQ.js                        1.24 kB │ gzip:   0.62 kB
dist/assets/swapHorizontalMedium-BZW6sXXL.js           1.25 kB │ gzip:   0.65 kB
dist/assets/recycle-horizontal-DhsMah0M.js             1.29 kB │ gzip:   0.66 kB
dist/assets/extension-DLlpm7-Y.js                      1.37 kB │ gzip:   0.66 kB
dist/assets/telegram-nbol1lyL.js                       1.40 kB │ gzip:   0.81 kB
dist/assets/swapHorizontalRoundedBold-BCSYuRNb.js      1.40 kB │ gzip:   0.74 kB
dist/assets/verify-BoH9LEeo.js                         1.42 kB │ gzip:   0.68 kB
dist/assets/qr-code-CRNItDq-.js                        1.46 kB │ gzip:   0.49 kB
dist/assets/browser-C3h69O7I.js                        1.52 kB │ gzip:   0.75 kB
dist/assets/network-placeholder-BTbn8xaP.js            1.60 kB │ gzip:   0.70 kB
dist/assets/id-GAuWs7ub.js                             1.69 kB │ gzip:   0.78 kB
dist/assets/nftPlaceholder-5uTR0syQ.js                 1.69 kB │ gzip:   0.84 kB
dist/assets/PhCaretLeft-B7YLoNEF.js                    1.88 kB │ gzip:   0.92 kB
dist/assets/PhCaretDown-ddSjwcwm.js                    1.94 kB │ gzip:   0.96 kB
dist/assets/PhCaretRight-BY8D5MIg.js                   1.96 kB │ gzip:   0.94 kB
dist/assets/PhCaretUp-BG10nSut.js                      2.02 kB │ gzip:   0.94 kB
dist/assets/PhArrowUpRight-Bn-JhHsY.js                 2.06 kB │ gzip:   1.02 kB
dist/assets/PhArrowDown-CkoOD89h.js                    2.10 kB │ gzip:   1.01 kB
dist/assets/PhArrowRight-BI-V03Xf.js                   2.11 kB │ gzip:   1.01 kB
dist/assets/PhPlus-CBvZvLax.js                         2.11 kB │ gzip:   0.97 kB
dist/assets/PhCheck-DrKd7pBC.js                        2.11 kB │ gzip:   0.99 kB
dist/assets/PhArrowLeft-C0jlxVhM.js                    2.12 kB │ gzip:   1.01 kB
dist/assets/PhArrowUp-izKvURUW.js                      2.17 kB │ gzip:   1.01 kB
dist/assets/info-DrPzIHuf.js                           2.21 kB │ gzip:   1.10 kB
dist/assets/PhMagnifyingGlass-B6D0sWFL.js              2.21 kB │ gzip:   1.08 kB
dist/assets/PhBrowser-BjzAmrHO.js                      2.22 kB │ gzip:   0.97 kB
dist/assets/PhDotsThree-CSAEcba1.js                    2.25 kB │ gzip:   0.95 kB
dist/assets/PhFunnelSimple-DKx35ITq.js                 2.36 kB │ gzip:   1.00 kB
dist/assets/PhCopy-rgttky8E.js                         2.36 kB │ gzip:   1.01 kB
dist/assets/exclamation-triangle-BakAPyGU.js           2.36 kB │ gzip:   1.10 kB
dist/assets/send-YtL9JD55.js                           2.37 kB │ gzip:   1.24 kB
dist/assets/PhClock-Sj17weCB.js                        2.37 kB │ gzip:   1.03 kB
dist/assets/PhWarningCircle-Cm58gXb9.js                2.43 kB │ gzip:   1.05 kB
dist/assets/PhX-C3b4cCEy.js                            2.50 kB │ gzip:   1.06 kB
dist/assets/parseSignature-AE0wleI6.js                 2.51 kB │ gzip:   1.11 kB
dist/assets/card-CZjzWrSX.js                           2.53 kB │ gzip:   1.14 kB
dist/assets/chrome-store-Ci3xX4Uu.js                   2.53 kB │ gzip:   0.98 kB
dist/assets/reown-logo-BlPYFtPt.js                     2.55 kB │ gzip:   1.03 kB
dist/assets/PhDeviceMobile-CnybhXY-.js                 2.57 kB │ gzip:   1.07 kB
dist/assets/PhArrowClockwise-mOiWYLMV.js               2.59 kB │ gzip:   1.19 kB
dist/assets/ccip-Cs25jIb8.js                           2.62 kB │ gzip:   1.25 kB
dist/assets/lightbulb-Dbpqza4F.js                      2.66 kB │ gzip:   1.18 kB
dist/assets/PhUser-A2fxqIV0.js                         2.68 kB │ gzip:   1.26 kB
dist/assets/PhEnvelope-SmaNeXoQ.js                     2.68 kB │ gzip:   1.18 kB
dist/assets/PhCircleHalf-Bk9C4DvT.js                   2.71 kB │ gzip:   1.21 kB
dist/assets/PhSignOut-Cq2PivQ6.js                      2.77 kB │ gzip:   1.16 kB
dist/assets/PhInfo-X33f06Ej.js                         2.78 kB │ gzip:   1.22 kB
dist/assets/PhPower-D8-AcNM6.js                        2.78 kB │ gzip:   1.28 kB
dist/assets/PhDesktop-BuCDXYJj.js                      2.79 kB │ gzip:   1.12 kB
dist/assets/PhArrowsLeftRight-CYsRQ2qh.js              2.80 kB │ gzip:   1.18 kB
dist/assets/PhArrowCircleDown-BtlNV0TZ.js              2.81 kB │ gzip:   1.18 kB
dist/assets/PhWallet-WVAuHGpA.js                       2.83 kB │ gzip:   1.18 kB
dist/assets/PhQuestionMark-W55Txvvb.js                 2.84 kB │ gzip:   1.30 kB
dist/assets/PhArrowSquareOut-DnQ7n_B4.js               2.93 kB │ gzip:   1.25 kB
dist/assets/PhArrowsDownUp-PZosTqZG.js                 2.93 kB │ gzip:   1.18 kB
dist/assets/PhCreditCard-CZpdid2n.js                   2.93 kB │ gzip:   1.16 kB
dist/assets/PhBank-hhPAIPVb.js                         2.94 kB │ gzip:   1.25 kB
dist/assets/PhVault-B8m1usHw.js                        2.97 kB │ gzip:   1.20 kB
dist/assets/PhCompass-Df1ugFO-.js                      2.98 kB │ gzip:   1.28 kB
dist/assets/PhPaperPlaneRight-Dvo-nXr9.js              3.10 kB │ gzip:   1.42 kB
dist/assets/PhTrash-BamrmMsN.js                        3.12 kB │ gzip:   1.19 kB
dist/assets/PhCurrencyDollar-B6IKKjue.js               3.24 kB │ gzip:   1.33 kB
dist/assets/PhQuestion-rUoqC2sC.js                     3.32 kB │ gzip:   1.45 kB
dist/assets/PhImage-BYrKfN9k.js                        3.44 kB │ gzip:   1.45 kB
dist/assets/image-Tv0I3RWk.js                          3.44 kB │ gzip:   1.47 kB
dist/assets/index-eo3fW6a8.js                          3.45 kB │ gzip:   1.42 kB
dist/assets/compat-BHFZtB5O.js                         3.57 kB │ gzip:   1.55 kB
dist/assets/copy-C0joknfM.js                           3.76 kB │ gzip:   1.44 kB
dist/assets/PhArrowsClockwise-Brtx2Re-.js              3.87 kB │ gzip:   1.59 kB
dist/assets/PhWarning-CpkID9oi.js                      3.91 kB │ gzip:   1.49 kB
dist/assets/walletconnect-C9xUIwOt.js                  4.00 kB │ gzip:   1.63 kB
dist/assets/index-BL_G4R9i.js                          4.01 kB │ gzip:   1.51 kB
dist/assets/PhIdentificationCard-BeLXJpfZ.js           4.22 kB │ gzip:   1.65 kB
dist/assets/PhSpinner-CZMtAFdX.js                      4.45 kB │ gzip:   1.65 kB
dist/assets/index-G7W_yscd.js                          4.62 kB │ gzip:   1.41 kB
dist/assets/PhLightbulb-DMZJsowR.js                    4.92 kB │ gzip:   1.86 kB
dist/assets/PhQrCode-uIXlI5ER.js                       4.92 kB │ gzip:   1.47 kB
dist/assets/PhPuzzlePiece-C-7mYqGO.js                  5.37 kB │ gzip:   1.96 kB
dist/assets/PhGlobe-q1mqj65V.js                        5.72 kB │ gzip:   1.92 kB
dist/assets/vanilla-BSN8VQPM.js                        5.73 kB │ gzip:   2.50 kB
dist/assets/features-DY8e-rYg.js                       5.82 kB │ gzip:   2.29 kB
dist/assets/index.web-Bqyr3zbv.js                      6.35 kB │ gzip:   2.19 kB
dist/assets/receive-CfQ2nxAx.js                        6.44 kB │ gzip:   2.30 kB
dist/assets/sepolia-BqIfzlbH.js                        8.80 kB │ gzip:   2.43 kB
dist/assets/index-Ctc08B-w.js                          9.55 kB │ gzip:   3.14 kB
dist/assets/index-CWcyDy1m.js                          9.63 kB │ gzip:   3.11 kB
dist/assets/index-D-GGOM2G.js                          9.71 kB │ gzip:   3.65 kB
dist/assets/email-CudEOoR6.js                         10.26 kB │ gzip:   2.67 kB
dist/assets/PhSealCheck-BeVLq9PH.js                   12.10 kB │ gzip:   4.02 kB
dist/assets/data-capture-BmitQhtJ.js                  12.78 kB │ gzip:   3.68 kB
dist/assets/SwapController-D1rTgBq3.js                13.93 kB │ gzip:   3.97 kB
dist/assets/pay-with-exchange-Bn4zFlT4.js             15.31 kB │ gzip:   3.94 kB
dist/assets/index-My90LZL7.js                         17.00 kB │ gzip:   4.74 kB
dist/assets/property-CnFDNXw5.js                      17.20 kB │ gzip:   6.41 kB
dist/assets/socials-CjW0m8bp.js                       17.61 kB │ gzip:   4.58 kB
dist/assets/embedded-wallet-CkD2iHs7.js               23.01 kB │ gzip:   5.84 kB
dist/assets/onramp-5-kgP0ny.js                        23.22 kB │ gzip:   5.41 kB
dist/assets/secp256k1-t3e4TPjH.js                     30.96 kB │ gzip:  12.47 kB
dist/assets/send-Dn0VEhzl.js                          32.91 kB │ gzip:   7.36 kB
dist/assets/index-CphfKzRN.js                         34.06 kB │ gzip:   7.91 kB
dist/assets/index-BRW-3sCV.js                         35.56 kB │ gzip:  10.17 kB
dist/assets/w3m-modal-CDzE0OR6.js                     39.39 kB │ gzip:   9.20 kB
dist/assets/w3m-modal-BcC6WQIC.js                     47.21 kB │ gzip:  10.52 kB
dist/assets/swaps-DwnKWMTh.js                         54.50 kB │ gzip:   9.77 kB
dist/assets/index-quuzQEVO.js                         74.25 kB │ gzip:  15.58 kB
dist/assets/WebCryptoP256-BPnl891U.js                103.26 kB │ gzip:  31.20 kB
dist/assets/basic-B0AOXUYX.js                        115.89 kB │ gzip:  21.62 kB
dist/assets/index-DpmdGH_q.js                        135.00 kB │ gzip:  38.04 kB
dist/assets/index-EFLvHZ-w.js                        170.59 kB │ gzip:  37.35 kB
dist/assets/Key-CkGAFoJW.js                          206.08 kB │ gzip:  60.59 kB
dist/assets/index-B_p_J4ll.js                        238.19 kB │ gzip:  73.60 kB
dist/assets/index.es-F2bmX-jo.js                     308.11 kB │ gzip:  83.10 kB
dist/assets/core-9SfT0ItT.js                         455.48 kB │ gzip: 122.30 kB
dist/assets/index-BMr-Ioo-.js                        576.23 kB │ gzip: 158.47 kB
dist/assets/index-BxibP4XR.js                        615.69 kB │ gzip: 170.21 kB
dist/assets/index-DfyY4Jz2.js                      1,990.65 kB │ gzip: 570.94 kB

(!) Some chunks are larger than 500 kB after minification. Consider:
- Using dynamic import() to code-split the application
- Use build.rollupOptions.output.manualChunks to improve chunking: https://rollupjs.org/configuration-options/#output-manualchunks
- Adjust chunk size limit for this warning via build.chunkSizeWarningLimit.
✓ built in 28.32s
